[     388ms] [INFO] %cDownload the React DevTools for a better development experience: https://react.dev/link/react-devtools font-weight:bold @ http://localhost:3001/_next/static/chunks/node_modules_next_dist_115brz8._.js:2432
[     409ms] [LOG] [HMR] connected @ http://localhost:3001/_next/static/chunks/node_modules_next_dist_115brz8._.js:2432
[     531ms] [LOG] [Fast Refresh] rebuilding @ http://localhost:3001/_next/static/chunks/node_modules_next_dist_115brz8._.js:2432
[     639ms] [LOG] [Fast Refresh] done in 216ms @ http://localhost:3001/_next/static/chunks/node_modules_next_dist_115brz8._.js:2432
[   15479ms] [ERROR] Connecting to 'https://api.pwnedpasswords.com/range/420FD' violates the following Content Security Policy directive: "connect-src 'self' https://*.supabase.co wss://*.supabase.co wss://*.livekit.cloud https://*.livekit.cloud https://api.stripe.com https://*.stream-io-api.com wss://*.stream-io-api.com https://www.facebook.com https://connect.facebook.net https://www.google-analytics.com https://*.google-analytics.com https://*.analytics.google.com https://vimeo.com". The action has been blocked. @ http://localhost:3001/_next/static/chunks/src_0fjfjem._.js:122
[   15479ms] [ERROR] Fetch API cannot load https://api.pwnedpasswords.com/range/420FD. Refused to connect because it violates the document's Content Security Policy. @ http://localhost:3001/_next/static/chunks/src_0fjfjem._.js:122
[   15547ms] [ERROR] Framing 'https://www.facebook.com/' violates the following Content Security Policy directive: "frame-src 'self' https://js.stripe.com https://hooks.stripe.com https://player.vimeo.com https://www.youtube.com https://www.youtube-nocookie.com". The request has been blocked.
 @ https://www.googletagmanager.com/:0
[   15604ms] [LOG] [Fast Refresh] rebuilding @ http://localhost:3001/_next/static/chunks/node_modules_next_dist_115brz8._.js:2432
[   15979ms] [LOG] [Fast Refresh] done in 475ms @ http://localhost:3001/_next/static/chunks/node_modules_next_dist_115brz8._.js:2432
[  159910ms] [ERROR] WebSocket connection to 'ws://localhost:3001/_next/webpack-hmr?id=Fz0zvnD_rPP_THhcQu_xk' failed: Error in connection establishment: net::ERR_CONNECTION_REFUSED @ http://localhost:3001/_next/static/chunks/node_modules_next_dist_client_0fhqo1d._.js:13300
[  160914ms] [ERROR] WebSocket connection to 'ws://localhost:3001/_next/webpack-hmr?id=Fz0zvnD_rPP_THhcQu_xk' failed: Error in connection establishment: net::ERR_CONNECTION_REFUSED @ http://localhost:3001/_next/static/chunks/node_modules_next_dist_client_0fhqo1d._.js:13300
[  161917ms] [ERROR] WebSocket connection to 'ws://localhost:3001/_next/webpack-hmr?id=Fz0zvnD_rPP_THhcQu_xk' failed: Error in connection establishment: net::ERR_CONNECTION_REFUSED @ http://localhost:3001/_next/static/chunks/node_modules_next_dist_client_0fhqo1d._.js:13300
[  162919ms] [ERROR] WebSocket connection to 'ws://localhost:3001/_next/webpack-hmr?id=Fz0zvnD_rPP_THhcQu_xk' failed: Error in connection establishment: net::ERR_CONNECTION_REFUSED @ http://localhost:3001/_next/static/chunks/node_modules_next_dist_client_0fhqo1d._.js:13300
[  163922ms] [ERROR] WebSocket connection to 'ws://localhost:3001/_next/webpack-hmr?id=Fz0zvnD_rPP_THhcQu_xk' failed: Error in connection establishment: net::ERR_CONNECTION_REFUSED @ http://localhost:3001/_next/static/chunks/node_modules_next_dist_client_0fhqo1d._.js:13300
[  168926ms] [ERROR] WebSocket connection to 'ws://localhost:3001/_next/webpack-hmr?id=Fz0zvnD_rPP_THhcQu_xk' failed: Error in connection establishment: net::ERR_CONNECTION_REFUSED @ http://localhost:3001/_next/static/chunks/node_modules_next_dist_client_0fhqo1d._.js:13300
[  173930ms] [ERROR] WebSocket connection to 'ws://localhost:3001/_next/webpack-hmr?id=Fz0zvnD_rPP_THhcQu_xk' failed: Error in connection establishment: net::ERR_CONNECTION_REFUSED @ http://localhost:3001/_next/static/chunks/node_modules_next_dist_client_0fhqo1d._.js:13300
[  178935ms] [ERROR] WebSocket connection to 'ws://localhost:3001/_next/webpack-hmr?id=Fz0zvnD_rPP_THhcQu_xk' failed: Error in connection establishment: net::ERR_CONNECTION_REFUSED @ http://localhost:3001/_next/static/chunks/node_modules_next_dist_client_0fhqo1d._.js:13300
[  183939ms] [ERROR] WebSocket connection to 'ws://localhost:3001/_next/webpack-hmr?id=Fz0zvnD_rPP_THhcQu_xk' failed: Error in connection establishment: net::ERR_CONNECTION_REFUSED @ http://localhost:3001/_next/static/chunks/node_modules_next_dist_client_0fhqo1d._.js:13300
[  188944ms] [ERROR] WebSocket connection to 'ws://localhost:3001/_next/webpack-hmr?id=Fz0zvnD_rPP_THhcQu_xk' failed: Error in connection establishment: net::ERR_CONNECTION_REFUSED @ http://localhost:3001/_next/static/chunks/node_modules_next_dist_client_0fhqo1d._.js:13300
[  193951ms] [ERROR] WebSocket connection to 'ws://localhost:3001/_next/webpack-hmr?id=Fz0zvnD_rPP_THhcQu_xk' failed: Error in connection establishment: net::ERR_CONNECTION_REFUSED @ http://localhost:3001/_next/static/chunks/node_modules_next_dist_client_0fhqo1d._.js:13300
[  198956ms] [ERROR] WebSocket connection to 'ws://localhost:3001/_next/webpack-hmr?id=Fz0zvnD_rPP_THhcQu_xk' failed: Error in connection establishment: net::ERR_CONNECTION_REFUSED @ http://localhost:3001/_next/static/chunks/node_modules_next_dist_client_0fhqo1d._.js:13300
