[     960ms] [INFO] %cDownload the React DevTools for a better development experience: https://react.dev/link/react-devtools font-weight:bold @ http://localhost:3001/_next/static/chunks/node_modules_next_dist_115brz8._.js:2432
[    1024ms] [LOG] [HMR] connected @ http://localhost:3001/_next/static/chunks/node_modules_next_dist_115brz8._.js:2432
[   27543ms] [LOG] [Fast Refresh] rebuilding @ http://localhost:3001/_next/static/chunks/node_modules_next_dist_115brz8._.js:2432
[   27609ms] [LOG] [Fast Refresh] done in 167ms @ http://localhost:3001/_next/static/chunks/node_modules_next_dist_115brz8._.js:2432
[   27853ms] [ERROR] Failed to load resource: net::ERR_SSL_PROTOCOL_ERROR @ https://localhost:3001/accept-terms?next=%2Fdashboard:0
[   27854ms] [ERROR] Failed to fetch RSC payload for http://localhost:3001/dashboard. Falling back to browser navigation. TypeError: Failed to fetch
    at createFetch (http://localhost:3001/_next/static/chunks/node_modules_next_dist_client_0fhqo1d._.js:8085:21)
    at fetchServerResponse (http://localhost:3001/_next/static/chunks/node_modules_next_dist_client_0fhqo1d._.js:7929:27)
    at navigateToUnknownRoute (http://localhost:3001/_next/static/chunks/node_modules_next_dist_client_0fhqo1d._.js:10095:90)
    at navigateImpl (http://localhost:3001/_next/static/chunks/node_modules_next_dist_client_0fhqo1d._.js:9990:12)
    at navigate (http://localhost:3001/_next/static/chunks/node_modules_next_dist_client_0fhqo1d._.js:9954:12)
    at navigateReducer (http://localhost:3001/_next/static/chunks/node_modules_next_dist_client_0fhqo1d._.js:10531:37)
    at clientReducer (http://localhost:3001/_next/static/chunks/node_modules_next_dist_client_0fhqo1d._.js:11383:61)
    at Object.action (http://localhost:3001/_next/static/chunks/node_modules_next_dist_client_0fhqo1d._.js:11632:55)
    at runAction (http://localhost:3001/_next/static/chunks/node_modules_next_dist_client_0fhqo1d._.js:11537:38)
    at dispatchAction (http://localhost:3001/_next/static/chunks/node_modules_next_dist_client_0fhqo1d._.js:11600:9)
    at Object.dispatch (http://localhost:3001/_next/static/chunks/node_modules_next_dist_client_0fhqo1d._.js:11630:40)
    at http://localhost:3001/_next/static/chunks/node_modules_next_dist_client_0fhqo1d._.js:964:29
    at startTransition (http://localhost:3001/_next/static/chunks/node_modules_next_dist_compiled_react-dom_058-ah~._.js:5470:31)
    at nextDispatch (http://localhost:3001/_next/static/chunks/node_modules_next_dist_client_0fhqo1d._.js:963:13)
    at dispatchAppRouterAction (http://localhost:3001/_next/static/chunks/node_modules_next_dist_client_0fhqo1d._.js:923:5)
    at dispatchNavigateAction (http://localhost:3001/_next/static/chunks/node_modules_next_dist_client_0fhqo1d._.js:11689:49)
    at http://localhost:3001/_next/static/chunks/node_modules_next_dist_client_0fhqo1d._.js:11783:13
    at startTransition (http://localhost:3001/_next/static/chunks/node_modules_next_dist_compiled_0rpq4pf._.js:1280:31)
    at Object.push (http://localhost:3001/_next/static/chunks/node_modules_next_dist_client_0fhqo1d._.js:11782:36)
    at handleLogin (http://localhost:3001/_next/static/chunks/src_0jp9fg3._.js:90:16) @ http://localhost:3001/_next/static/chunks/node_modules_next_dist_115brz8._.js:3273
[   27976ms] [LOG] [Fast Refresh] rebuilding @ http://localhost:3001/_next/static/chunks/node_modules_next_dist_115brz8._.js:2432
[   28048ms] [LOG] [Fast Refresh] done in 174ms @ http://localhost:3001/_next/static/chunks/node_modules_next_dist_115brz8._.js:2432
[   28307ms] [ERROR] Failed to load resource: net::ERR_SSL_PROTOCOL_ERROR @ https://localhost:3001/accept-terms?next=%2Fdashboard:0
[   28307ms] [ERROR] Failed to fetch RSC payload for http://localhost:3001/dashboard. Falling back to browser navigation. TypeError: Failed to fetch
    at createFetch (http://localhost:3001/_next/static/chunks/node_modules_next_dist_client_0fhqo1d._.js:8085:21)
    at fetchServerResponse (http://localhost:3001/_next/static/chunks/node_modules_next_dist_client_0fhqo1d._.js:7929:27)
    at fetchMissingDynamicData (http://localhost:3001/_next/static/chunks/node_modules_next_dist_client_0fhqo1d._.js:9342:75)
    at spawnDynamicRequests (http://localhost:3001/_next/static/chunks/node_modules_next_dist_client_0fhqo1d._.js:9150:35)
    at navigateToKnownRoute (http://localhost:3001/_next/static/chunks/node_modules_next_dist_client_0fhqo1d._.js:10034:54)
    at refreshDynamicData (http://localhost:3001/_next/static/chunks/node_modules_next_dist_client_0fhqo1d._.js:10654:49)
    at refreshReducer (http://localhost:3001/_next/static/chunks/node_modules_next_dist_client_0fhqo1d._.js:10628:12)
    at clientReducer (http://localhost:3001/_next/static/chunks/node_modules_next_dist_client_0fhqo1d._.js:11395:59)
    at Object.action (http://localhost:3001/_next/static/chunks/node_modules_next_dist_client_0fhqo1d._.js:11632:55)
    at runAction (http://localhost:3001/_next/static/chunks/node_modules_next_dist_client_0fhqo1d._.js:11537:38)
    at runRemainingActions (http://localhost:3001/_next/static/chunks/node_modules_next_dist_client_0fhqo1d._.js:11515:13)
    at handleResult (http://localhost:3001/_next/static/chunks/node_modules_next_dist_client_0fhqo1d._.js:11553:9) @ http://localhost:3001/_next/static/chunks/node_modules_next_dist_115brz8._.js:3273
[   28992ms] [LOG] [Fast Refresh] rebuilding @ http://localhost:3001/_next/static/chunks/node_modules_next_dist_115brz8._.js:2432
[   30727ms] [LOG] [Fast Refresh] done in 1836ms @ http://localhost:3001/_next/static/chunks/node_modules_next_dist_115brz8._.js:2432
[   30930ms] [INFO] %cDownload the React DevTools for a better development experience: https://react.dev/link/react-devtools font-weight:bold @ http://localhost:3001/_next/static/chunks/node_modules_next_dist_115brz8._.js:2432
[   30957ms] [LOG] [HMR] connected @ http://localhost:3001/_next/static/chunks/node_modules_next_dist_115brz8._.js:2432
[   31204ms] [LOG] [Fast Refresh] rebuilding @ http://localhost:3001/_next/static/chunks/node_modules_next_dist_115brz8._.js:2432
[   31216ms] [LOG] [Fast Refresh] done in 112ms @ http://localhost:3001/_next/static/chunks/node_modules_next_dist_115brz8._.js:2432
[   71354ms] [LOG] [Fast Refresh] rebuilding @ http://localhost:3001/_next/static/chunks/node_modules_next_dist_115brz8._.js:2432
[   71533ms] [LOG] [Fast Refresh] done in 280ms @ http://localhost:3001/_next/static/chunks/node_modules_next_dist_115brz8._.js:2432
[  197221ms] [ERROR] WebSocket connection to 'ws://localhost:3001/_next/webpack-hmr?id=h11O5zTZ0JVrX_C86kcmI' failed: Error in connection establishment: net::ERR_CONNECTION_REFUSED @ http://localhost:3001/_next/static/chunks/node_modules_next_dist_client_0fhqo1d._.js:13300
[  198224ms] [ERROR] WebSocket connection to 'ws://localhost:3001/_next/webpack-hmr?id=h11O5zTZ0JVrX_C86kcmI' failed: Error in connection establishment: net::ERR_CONNECTION_REFUSED @ http://localhost:3001/_next/static/chunks/node_modules_next_dist_client_0fhqo1d._.js:13300
[  199226ms] [ERROR] WebSocket connection to 'ws://localhost:3001/_next/webpack-hmr?id=h11O5zTZ0JVrX_C86kcmI' failed: Error in connection establishment: net::ERR_CONNECTION_REFUSED @ http://localhost:3001/_next/static/chunks/node_modules_next_dist_client_0fhqo1d._.js:13300
[  200228ms] [ERROR] WebSocket connection to 'ws://localhost:3001/_next/webpack-hmr?id=h11O5zTZ0JVrX_C86kcmI' failed: Error in connection establishment: net::ERR_CONNECTION_REFUSED @ http://localhost:3001/_next/static/chunks/node_modules_next_dist_client_0fhqo1d._.js:13300
[  201231ms] [ERROR] WebSocket connection to 'ws://localhost:3001/_next/webpack-hmr?id=h11O5zTZ0JVrX_C86kcmI' failed: Error in connection establishment: net::ERR_CONNECTION_REFUSED @ http://localhost:3001/_next/static/chunks/node_modules_next_dist_client_0fhqo1d._.js:13300
[  206233ms] [ERROR] WebSocket connection to 'ws://localhost:3001/_next/webpack-hmr?id=h11O5zTZ0JVrX_C86kcmI' failed: Error in connection establishment: net::ERR_CONNECTION_REFUSED @ http://localhost:3001/_next/static/chunks/node_modules_next_dist_client_0fhqo1d._.js:13300
[  211235ms] [ERROR] WebSocket connection to 'ws://localhost:3001/_next/webpack-hmr?id=h11O5zTZ0JVrX_C86kcmI' failed: Error in connection establishment: net::ERR_CONNECTION_REFUSED @ http://localhost:3001/_next/static/chunks/node_modules_next_dist_client_0fhqo1d._.js:13300
[  216238ms] [ERROR] WebSocket connection to 'ws://localhost:3001/_next/webpack-hmr?id=h11O5zTZ0JVrX_C86kcmI' failed: Error in connection establishment: net::ERR_CONNECTION_REFUSED @ http://localhost:3001/_next/static/chunks/node_modules_next_dist_client_0fhqo1d._.js:13300
[  221241ms] [ERROR] WebSocket connection to 'ws://localhost:3001/_next/webpack-hmr?id=h11O5zTZ0JVrX_C86kcmI' failed: Error in connection establishment: net::ERR_CONNECTION_REFUSED @ http://localhost:3001/_next/static/chunks/node_modules_next_dist_client_0fhqo1d._.js:13300
[  226245ms] [ERROR] WebSocket connection to 'ws://localhost:3001/_next/webpack-hmr?id=h11O5zTZ0JVrX_C86kcmI' failed: Error in connection establishment: net::ERR_CONNECTION_REFUSED @ http://localhost:3001/_next/static/chunks/node_modules_next_dist_client_0fhqo1d._.js:13300
[  231249ms] [ERROR] WebSocket connection to 'ws://localhost:3001/_next/webpack-hmr?id=h11O5zTZ0JVrX_C86kcmI' failed: Error in connection establishment: net::ERR_CONNECTION_REFUSED @ http://localhost:3001/_next/static/chunks/node_modules_next_dist_client_0fhqo1d._.js:13300
[  236251ms] [ERROR] WebSocket connection to 'ws://localhost:3001/_next/webpack-hmr?id=h11O5zTZ0JVrX_C86kcmI' failed: Error in connection establishment: net::ERR_CONNECTION_REFUSED @ http://localhost:3001/_next/static/chunks/node_modules_next_dist_client_0fhqo1d._.js:13300
