[     182ms] [INFO] %cDownload the React DevTools for a better development experience: https://react.dev/link/react-devtools font-weight:bold @ http://localhost:3001/_next/static/chunks/node_modules_next_dist_115brz8._.js:2432
[     201ms] [LOG] [HMR] connected @ http://localhost:3001/_next/static/chunks/node_modules_next_dist_115brz8._.js:2432
[   73254ms] [LOG] [Fast Refresh] rebuilding @ http://localhost:3001/_next/static/chunks/node_modules_next_dist_115brz8._.js:2432
[   73363ms] [ERROR] Failed to load resource: the server responded with a status of 404 (Not Found) @ http://localhost:3001/onboarding/heroes/06-life-season.jpg:0
[   73375ms] [LOG] [Fast Refresh] done in 221ms @ http://localhost:3001/_next/static/chunks/node_modules_next_dist_115brz8._.js:2432
[   76366ms] [WARNING] The resource http://localhost:3001/_next/static/chunks/src_app_globals_0p2ml0n.css was preloaded using link preload but not used within a few seconds from the window's load event. Please make sure it has an appropriate `as` value and it is preloaded intentionally. @ http://localhost:3001/welcome?preview=1:0
[   85759ms] [ERROR] Failed to load resource: the server responded with a status of 404 (Not Found) @ http://localhost:3001/onboarding/heroes/07-current-practices.jpg:0
[   88842ms] [WARNING] The resource http://localhost:3001/_next/static/chunks/src_app_globals_0p2ml0n.css was preloaded using link preload but not used within a few seconds from the window's load event. Please make sure it has an appropriate `as` value and it is preloaded intentionally. @ http://localhost:3001/welcome?preview=1:0
[   95926ms] [ERROR] Failed to load resource: the server responded with a status of 404 (Not Found) @ http://localhost:3001/onboarding/heroes/08-cosmic-marker.jpg:0
[   99010ms] [WARNING] The resource http://localhost:3001/_next/static/chunks/src_app_globals_0p2ml0n.css was preloaded using link preload but not used within a few seconds from the window's load event. Please make sure it has an appropriate `as` value and it is preloaded intentionally. @ http://localhost:3001/welcome?preview=1:0
[  108342ms] [ERROR] Failed to load resource: the server responded with a status of 404 (Not Found) @ http://localhost:3001/onboarding/heroes/09-notes.jpg:0
[  114398ms] [WARNING] The resource http://localhost:3001/_next/static/chunks/src_app_globals_0p2ml0n.css was preloaded using link preload but not used within a few seconds from the window's load event. Please make sure it has an appropriate `as` value and it is preloaded intentionally. @ http://localhost:3001/welcome?preview=1:0
[  122446ms] [ERROR] Failed to load resource: the server responded with a status of 404 (Not Found) @ http://localhost:3001/onboarding/heroes/09-notes.jpg:0
[  125508ms] [WARNING] The resource http://localhost:3001/_next/static/chunks/src_app_globals_0p2ml0n.css was preloaded using link preload but not used within a few seconds from the window's load event. Please make sure it has an appropriate `as` value and it is preloaded intentionally. @ http://localhost:3001/welcome?preview=1:0
[  137938ms] [WARNING] The resource http://localhost:3001/_next/static/chunks/src_app_globals_0p2ml0n.css was preloaded using link preload but not used within a few seconds from the window's load event. Please make sure it has an appropriate `as` value and it is preloaded intentionally. @ http://localhost:3001/welcome?preview=1:0
[  509792ms] [LOG] [Fast Refresh] rebuilding @ http://localhost:3001/_next/static/chunks/node_modules_next_dist_115brz8._.js:2432
[  509955ms] [LOG] [Fast Refresh] done in 265ms @ http://localhost:3001/_next/static/chunks/node_modules_next_dist_115brz8._.js:2432
[  517565ms] [LOG] [Fast Refresh] rebuilding @ http://localhost:3001/_next/static/chunks/node_modules_next_dist_115brz8._.js:2432
[  517610ms] [LOG] [Fast Refresh] done in 34ms @ http://localhost:3001/_next/static/chunks/node_modules_next_dist_115brz8._.js:2432
[  517614ms] [ERROR] Failed to load resource: net::ERR_SSL_PROTOCOL_ERROR @ https://localhost:3001/login?preview=1:0
[  517615ms] [ERROR] Failed to fetch RSC payload for http://localhost:3001/welcome?preview=1. Falling back to browser navigation. TypeError: Failed to fetch
    at createFetch (http://localhost:3001/_next/static/chunks/node_modules_next_dist_client_0fhqo1d._.js:8085:21)
    at fetchServerResponse (http://localhost:3001/_next/static/chunks/node_modules_next_dist_client_0fhqo1d._.js:7929:27)
    at fetchMissingDynamicData (http://localhost:3001/_next/static/chunks/node_modules_next_dist_client_0fhqo1d._.js:9342:75)
    at spawnDynamicRequests (http://localhost:3001/_next/static/chunks/node_modules_next_dist_client_0fhqo1d._.js:9150:35)
    at navigateToKnownRoute (http://localhost:3001/_next/static/chunks/node_modules_next_dist_client_0fhqo1d._.js:10034:54)
    at refreshDynamicData (http://localhost:3001/_next/static/chunks/node_modules_next_dist_client_0fhqo1d._.js:10654:49)
    at hmrRefreshReducer (http://localhost:3001/_next/static/chunks/node_modules_next_dist_client_0fhqo1d._.js:10803:51)
    at clientReducer (http://localhost:3001/_next/static/chunks/node_modules_next_dist_client_0fhqo1d._.js:11399:65)
    at Object.action (http://localhost:3001/_next/static/chunks/node_modules_next_dist_client_0fhqo1d._.js:11632:55)
    at runAction (http://localhost:3001/_next/static/chunks/node_modules_next_dist_client_0fhqo1d._.js:11537:38)
    at dispatchAction (http://localhost:3001/_next/static/chunks/node_modules_next_dist_client_0fhqo1d._.js:11600:9)
    at Object.dispatch (http://localhost:3001/_next/static/chunks/node_modules_next_dist_client_0fhqo1d._.js:11630:40)
    at http://localhost:3001/_next/static/chunks/node_modules_next_dist_client_0fhqo1d._.js:964:29
    at startTransition (http://localhost:3001/_next/static/chunks/node_modules_next_dist_compiled_react-dom_058-ah~._.js:5470:31)
    at nextDispatch (http://localhost:3001/_next/static/chunks/node_modules_next_dist_client_0fhqo1d._.js:963:13)
    at dispatchAppRouterAction (http://localhost:3001/_next/static/chunks/node_modules_next_dist_client_0fhqo1d._.js:923:5)
    at http://localhost:3001/_next/static/chunks/node_modules_next_dist_client_0fhqo1d._.js:11801:61
    at startTransition (http://localhost:3001/_next/static/chunks/node_modules_next_dist_compiled_0rpq4pf._.js:1280:31)
    at Object.hmrRefresh (http://localhost:3001/_next/static/chunks/node_modules_next_dist_client_0fhqo1d._.js:11800:40)
    at http://localhost:3001/_next/static/chunks/node_modules_next_dist_client_0fhqo1d._.js:13968:64
    at startTransition (http://localhost:3001/_next/static/chunks/node_modules_next_dist_compiled_0rpq4pf._.js:1280:31)
    at processMessage (http://localhost:3001/_next/static/chunks/node_modules_next_dist_client_0fhqo1d._.js:13967:44)
    at WebSocket.handleMessage (http://localhost:3001/_next/static/chunks/node_modules_next_dist_client_0fhqo1d._.js:13336:52) @ http://localhost:3001/_next/static/chunks/node_modules_next_dist_115brz8._.js:3273
[  517780ms] [INFO] %cDownload the React DevTools for a better development experience: https://react.dev/link/react-devtools font-weight:bold @ http://localhost:3001/_next/static/chunks/node_modules_next_dist_115brz8._.js:2432
[  517830ms] [LOG] [HMR] connected @ http://localhost:3001/_next/static/chunks/node_modules_next_dist_115brz8._.js:2432
[  522267ms] [ERROR] WebSocket connection to 'ws://localhost:3001/_next/webpack-hmr?id=1nBPSxWIRVgO9BctQq06_' failed: Error in connection establishment: net::ERR_CONNECTION_REFUSED @ http://localhost:3001/_next/static/chunks/node_modules_next_dist_client_0fhqo1d._.js:13300
[  523270ms] [ERROR] WebSocket connection to 'ws://localhost:3001/_next/webpack-hmr?id=1nBPSxWIRVgO9BctQq06_' failed: Error in connection establishment: net::ERR_CONNECTION_REFUSED @ http://localhost:3001/_next/static/chunks/node_modules_next_dist_client_0fhqo1d._.js:13300
[  524272ms] [ERROR] WebSocket connection to 'ws://localhost:3001/_next/webpack-hmr?id=1nBPSxWIRVgO9BctQq06_' failed: Error in connection establishment: net::ERR_CONNECTION_REFUSED @ http://localhost:3001/_next/static/chunks/node_modules_next_dist_client_0fhqo1d._.js:13300
[  525276ms] [ERROR] WebSocket connection to 'ws://localhost:3001/_next/webpack-hmr?id=1nBPSxWIRVgO9BctQq06_' failed: Error in connection establishment: net::ERR_CONNECTION_REFUSED @ http://localhost:3001/_next/static/chunks/node_modules_next_dist_client_0fhqo1d._.js:13300
[  526279ms] [ERROR] WebSocket connection to 'ws://localhost:3001/_next/webpack-hmr?id=1nBPSxWIRVgO9BctQq06_' failed: Error in connection establishment: net::ERR_CONNECTION_REFUSED @ http://localhost:3001/_next/static/chunks/node_modules_next_dist_client_0fhqo1d._.js:13300
[  531281ms] [ERROR] WebSocket connection to 'ws://localhost:3001/_next/webpack-hmr?id=1nBPSxWIRVgO9BctQq06_' failed: Error in connection establishment: net::ERR_CONNECTION_REFUSED @ http://localhost:3001/_next/static/chunks/node_modules_next_dist_client_0fhqo1d._.js:13300
[  536286ms] [ERROR] WebSocket connection to 'ws://localhost:3001/_next/webpack-hmr?id=1nBPSxWIRVgO9BctQq06_' failed: Error in connection establishment: net::ERR_CONNECTION_REFUSED @ http://localhost:3001/_next/static/chunks/node_modules_next_dist_client_0fhqo1d._.js:13300
[  541289ms] [ERROR] WebSocket connection to 'ws://localhost:3001/_next/webpack-hmr?id=1nBPSxWIRVgO9BctQq06_' failed: Error in connection establishment: net::ERR_CONNECTION_REFUSED @ http://localhost:3001/_next/static/chunks/node_modules_next_dist_client_0fhqo1d._.js:13300
[  546295ms] [ERROR] WebSocket connection to 'ws://localhost:3001/_next/webpack-hmr?id=1nBPSxWIRVgO9BctQq06_' failed: Error in connection establishment: net::ERR_CONNECTION_REFUSED @ http://localhost:3001/_next/static/chunks/node_modules_next_dist_client_0fhqo1d._.js:13300
[  551300ms] [ERROR] WebSocket connection to 'ws://localhost:3001/_next/webpack-hmr?id=1nBPSxWIRVgO9BctQq06_' failed: Error in connection establishment: net::ERR_CONNECTION_REFUSED @ http://localhost:3001/_next/static/chunks/node_modules_next_dist_client_0fhqo1d._.js:13300
[  556306ms] [ERROR] WebSocket connection to 'ws://localhost:3001/_next/webpack-hmr?id=1nBPSxWIRVgO9BctQq06_' failed: Error in connection establishment: net::ERR_CONNECTION_REFUSED @ http://localhost:3001/_next/static/chunks/node_modules_next_dist_client_0fhqo1d._.js:13300
[  561311ms] [ERROR] WebSocket connection to 'ws://localhost:3001/_next/webpack-hmr?id=1nBPSxWIRVgO9BctQq06_' failed: Error in connection establishment: net::ERR_CONNECTION_REFUSED @ http://localhost:3001/_next/static/chunks/node_modules_next_dist_client_0fhqo1d._.js:13300
