[     179ms] [LOG] [Fast Refresh] rebuilding @ http://localhost:3001/_next/static/chunks/node_modules_next_dist_115brz8._.js:2432
[     509ms] [LOG] [Fast Refresh] done in 431ms @ http://localhost:3001/_next/static/chunks/node_modules_next_dist_115brz8._.js:2432
[     558ms] [INFO] %cDownload the React DevTools for a better development experience: https://react.dev/link/react-devtools font-weight:bold @ http://localhost:3001/_next/static/chunks/node_modules_next_dist_115brz8._.js:2432
[     578ms] [LOG] [HMR] connected @ http://localhost:3001/_next/static/chunks/node_modules_next_dist_115brz8._.js:2432
[ 1121872ms] [LOG] [Fast Refresh] rebuilding @ http://localhost:3001/_next/static/chunks/node_modules_next_dist_115brz8._.js:2432
[ 1121991ms] [LOG] [Fast Refresh] done in 221ms @ http://localhost:3001/_next/static/chunks/node_modules_next_dist_115brz8._.js:2432
[ 1136935ms] [LOG] [Fast Refresh] rebuilding @ http://localhost:3001/_next/static/chunks/node_modules_next_dist_115brz8._.js:2432
[ 1137331ms] [LOG] [Fast Refresh] done in 497ms @ http://localhost:3001/_next/static/chunks/node_modules_next_dist_115brz8._.js:2432
[ 1281274ms] [ERROR] WebSocket connection to 'ws://localhost:3001/_next/webpack-hmr?id=qhRGoHqEJr4nT0PIV5cT2' failed: Error in connection establishment: net::ERR_CONNECTION_REFUSED @ http://localhost:3001/_next/static/chunks/node_modules_next_dist_client_0fhqo1d._.js:13300
[ 1282276ms] [ERROR] WebSocket connection to 'ws://localhost:3001/_next/webpack-hmr?id=qhRGoHqEJr4nT0PIV5cT2' failed: Error in connection establishment: net::ERR_CONNECTION_REFUSED @ http://localhost:3001/_next/static/chunks/node_modules_next_dist_client_0fhqo1d._.js:13300
[ 1283280ms] [ERROR] WebSocket connection to 'ws://localhost:3001/_next/webpack-hmr?id=qhRGoHqEJr4nT0PIV5cT2' failed: Error in connection establishment: net::ERR_CONNECTION_REFUSED @ http://localhost:3001/_next/static/chunks/node_modules_next_dist_client_0fhqo1d._.js:13300
[ 1284282ms] [ERROR] WebSocket connection to 'ws://localhost:3001/_next/webpack-hmr?id=qhRGoHqEJr4nT0PIV5cT2' failed: Error in connection establishment: net::ERR_CONNECTION_REFUSED @ http://localhost:3001/_next/static/chunks/node_modules_next_dist_client_0fhqo1d._.js:13300
[ 1285285ms] [ERROR] WebSocket connection to 'ws://localhost:3001/_next/webpack-hmr?id=qhRGoHqEJr4nT0PIV5cT2' failed: Error in connection establishment: net::ERR_CONNECTION_REFUSED @ http://localhost:3001/_next/static/chunks/node_modules_next_dist_client_0fhqo1d._.js:13300
[ 1290291ms] [ERROR] WebSocket connection to 'ws://localhost:3001/_next/webpack-hmr?id=qhRGoHqEJr4nT0PIV5cT2' failed: Error in connection establishment: net::ERR_CONNECTION_REFUSED @ http://localhost:3001/_next/static/chunks/node_modules_next_dist_client_0fhqo1d._.js:13300
[ 1295301ms] [ERROR] WebSocket connection to 'ws://localhost:3001/_next/webpack-hmr?id=qhRGoHqEJr4nT0PIV5cT2' failed: Error in connection establishment: net::ERR_CONNECTION_REFUSED @ http://localhost:3001/_next/static/chunks/node_modules_next_dist_client_0fhqo1d._.js:13300
[ 1300309ms] [ERROR] WebSocket connection to 'ws://localhost:3001/_next/webpack-hmr?id=qhRGoHqEJr4nT0PIV5cT2' failed: Error in connection establishment: net::ERR_CONNECTION_REFUSED @ http://localhost:3001/_next/static/chunks/node_modules_next_dist_client_0fhqo1d._.js:13300
[ 1305353ms] [ERROR] WebSocket connection to 'ws://localhost:3001/_next/webpack-hmr?id=qhRGoHqEJr4nT0PIV5cT2' failed: Error in connection establishment: net::ERR_CONNECTION_REFUSED @ http://localhost:3001/_next/static/chunks/node_modules_next_dist_client_0fhqo1d._.js:13300
[ 1310419ms] [ERROR] WebSocket connection to 'ws://localhost:3001/_next/webpack-hmr?id=qhRGoHqEJr4nT0PIV5cT2' failed: Error in connection establishment: net::ERR_CONNECTION_REFUSED @ http://localhost:3001/_next/static/chunks/node_modules_next_dist_client_0fhqo1d._.js:13300
[ 1315574ms] [ERROR] WebSocket connection to 'ws://localhost:3001/_next/webpack-hmr?id=qhRGoHqEJr4nT0PIV5cT2' failed: Error in connection establishment: net::ERR_CONNECTION_REFUSED @ http://localhost:3001/_next/static/chunks/node_modules_next_dist_client_0fhqo1d._.js:13300
[ 1320759ms] [ERROR] WebSocket connection to 'ws://localhost:3001/_next/webpack-hmr?id=qhRGoHqEJr4nT0PIV5cT2' failed: Error in connection establishment: net::ERR_CONNECTION_REFUSED @ http://localhost:3001/_next/static/chunks/node_modules_next_dist_client_0fhqo1d._.js:13300
[ 1700432ms] [INFO] %cDownload the React DevTools for a better development experience: https://react.dev/link/react-devtools font-weight:bold @ http://localhost:3001/_next/static/chunks/node_modules_next_dist_115brz8._.js:2432
[ 1700452ms] [LOG] [HMR] connected @ http://localhost:3001/_next/static/chunks/node_modules_next_dist_115brz8._.js:2432
